<?xml version="1.0" encoding="UTF-8"?>
<!-- Generated by org.testng.reporters.JUnitReportReporter -->
<testsuite hostname="DESKTOP-U8U380T" failures="0" tests="1" name="test_class.Put_tc1" time="1.135" errors="0" timestamp="2023-04-06T23:31:48 IST" skipped="0">
  <testcase classname="test_class.Put_tc1" name="orchestrator" time="1.135"/>
  <system-out/>
</testsuite> <!-- test_class.Put_tc1 -->
